2017-02-27 14:14:09,008 - Main - INFO - Initialisation du programme
2017-02-27 14:14:09,246 - Main - INFO - Chargement du dictionnaire réduit : [('bonjour', 1), ('deux', 1), ('lancer', 1), ('programme', 1), ('un', 1), ('mode', 1), ('rafale', 1)]
2017-02-27 14:14:09,246 - Stt - INFO - En attente du bot...
2017-02-27 14:15:28,449 - Main - INFO - Initialisation du programme
2017-02-27 14:15:28,630 - Main - INFO - Chargement du dictionnaire réduit : [('bonjour', 1), ('deux', 1), ('lancer', 1), ('programme', 1), ('un', 1), ('mode', 1), ('rafale', 1)]
2017-02-27 14:15:28,652 - Stt - INFO - En attente du bot...
2017-02-27 14:16:10,311 - Main - INFO - Initialisation du programme
2017-02-27 14:16:10,484 - Main - INFO - Chargement du dictionnaire réduit : [('bonjour', 1), ('deux', 1), ('lancer', 1), ('programme', 1), ('un', 1), ('mode', 1), ('rafale', 1)]
2017-02-27 14:16:10,485 - Stt - INFO - En attente du bot...
2017-02-27 14:20:20,888 - Main - INFO - Initialisation du programme
2017-02-27 14:20:21,060 - Main - INFO - Chargement du dictionnaire réduit : [('bonjour', 1), ('deux', 1), ('lancer', 1), ('programme', 1), ('un', 1), ('mode', 1), ('rafale', 1)]
2017-02-27 14:20:21,061 - Stt - INFO - En attente du bot...
2017-02-27 14:20:31,740 - Stt - INFO - En attente du bot...
2017-02-27 14:20:40,511 - Stt - INFO - En attente du bot...
2017-02-27 14:20:49,181 - Stt - INFO - En attente du bot...
2017-02-27 14:20:57,647 - Stt - INFO - En attente du bot...
2017-02-27 14:21:06,194 - Stt - INFO - En attente du bot...
2017-02-27 14:21:16,870 - Stt - INFO - En attente du bot...
2017-02-27 14:21:25,357 - Stt - INFO - En attente du bot...
2017-02-27 14:21:33,629 - Stt - INFO - En attente du bot...
2017-02-27 14:21:46,750 - Stt - INFO - En attente du bot...
2017-02-27 14:23:46,508 - Main - INFO - Initialisation du programme
2017-02-27 14:23:46,679 - Main - INFO - Chargement du dictionnaire réduit : [('bonjour', 1), ('deux', 1), ('lancer', 1), ('programme', 1), ('un', 1), ('mode', 1), ('rafale', 1)]
2017-02-27 14:23:46,680 - Stt - INFO - En attente du bot...
2017-02-27 14:23:58,631 - Stt - INFO - En attente du bot...
2017-02-27 14:24:06,262 - Stt - INFO - En attente du bot...
2017-02-27 14:24:13,028 - Stt - INFO - En attente du bot...
2017-02-27 14:24:19,417 - Stt - INFO - En attente du bot...
2017-02-27 14:24:31,810 - Stt - INFO - En attente du bot...
2017-02-27 14:24:38,506 - Stt - INFO - En attente du bot...
2017-02-27 14:24:47,834 - Stt - INFO - En attente du bot...
2017-02-27 14:24:57,702 - Stt - INFO - En attente du bot...
2017-02-27 14:25:05,102 - Stt - INFO - En attente du bot...
2017-02-27 14:25:14,275 - Stt - INFO - En attente du bot...
2017-02-27 14:25:26,999 - Stt - INFO - En attente du bot...
2017-02-27 14:25:57,840 - Main - INFO - Initialisation du programme
2017-02-27 14:25:58,012 - Main - INFO - Chargement du dictionnaire réduit : [('bonjour', 1), ('deux', 1), ('lancer', 1), ('programme', 1), ('un', 1), ('mode', 1), ('rafale', 1)]
2017-02-27 14:25:58,014 - Stt - INFO - En attente du bot...
2017-02-27 14:25:59,115 - Stt - INFO - Flux audio en cours de traitement...
2017-02-27 14:26:11,425 - Stt - INFO - stt
2017-02-27 14:26:11,427 - Stt - INFO - En attente du bot...
2017-02-27 14:26:12,416 - Stt - INFO - Flux audio en cours de traitement...
2017-02-27 14:26:18,964 - Stt - INFO - stt
2017-02-27 14:26:18,969 - Stt - INFO - En attente du bot...
2017-02-27 14:26:19,959 - Stt - INFO - Flux audio en cours de traitement...
2017-02-27 14:26:27,241 - Stt - INFO - stt
2017-02-27 14:26:27,246 - Stt - INFO - En attente du bot...
2017-02-27 14:26:28,236 - Stt - INFO - Flux audio en cours de traitement...
2017-02-27 14:26:57,628 - Main - INFO - Initialisation du programme
2017-02-27 14:26:57,798 - Main - INFO - Chargement du dictionnaire réduit : [('bonjour', 1), ('deux', 1), ('lancer', 1), ('programme', 1), ('un', 1), ('mode', 1), ('rafale', 1)]
2017-02-27 14:26:57,799 - Stt - INFO - En attente du bot...
2017-02-27 14:26:58,846 - Stt - INFO - Flux audio en cours de traitement...
2017-02-27 14:27:09,445 - Stt - INFO - un  deux  deux  un  un  un  un 
2017-02-27 14:27:09,447 - Stt - INFO - En attente du bot...
2017-02-27 14:27:10,436 - Stt - INFO - Flux audio en cours de traitement...
2017-02-27 14:27:20,485 - Stt - INFO - un  un  un  un  un  un  mode  deux 
2017-02-27 14:27:20,490 - Stt - INFO - En attente du bot...
2017-02-27 14:27:21,479 - Stt - INFO - Flux audio en cours de traitement...
2017-02-27 14:27:28,439 - Stt - INFO - En attente du bot...
2017-02-27 14:27:29,428 - Stt - INFO - Flux audio en cours de traitement...
2017-02-27 14:27:39,966 - Stt - INFO - deux  un  un  un 
2017-02-27 14:27:39,971 - Stt - INFO - En attente du bot...
2017-02-27 14:27:40,961 - Stt - INFO - Flux audio en cours de traitement...
2017-02-27 14:27:48,607 - Stt - INFO - un  un  un 
2017-02-27 14:27:48,612 - Stt - INFO - En attente du bot...
2017-02-27 14:27:49,601 - Stt - INFO - Flux audio en cours de traitement...
2017-02-27 14:27:58,447 - Stt - INFO - un  un  un  un  un  un  un  un  un  un  un  un  un  un  un  un 
2017-02-27 14:27:58,452 - Stt - INFO - En attente du bot...
2017-02-27 14:27:59,442 - Stt - INFO - Flux audio en cours de traitement...
2017-02-27 14:28:14,027 - Stt - INFO - bonjour  un  un  un  un  un  un  un  un  un  un  un  un  un  un  un  un  deux 
2017-02-27 14:28:14,032 - Stt - INFO - En attente du bot...
2017-02-27 14:28:15,022 - Stt - INFO - Flux audio en cours de traitement...
2017-02-27 14:28:40,735 - Main - INFO - Initialisation du programme
2017-02-27 14:28:40,908 - Main - INFO - Chargement du dictionnaire réduit : [('bonjour', 1), ('deux', 1), ('lancer', 1), ('programme', 1), ('un', 1), ('mode', 1), ('rafale', 1)]
2017-02-27 14:28:40,909 - Stt - INFO - En attente du bot...
2017-02-27 14:28:41,977 - Stt - INFO - Flux audio en cours de traitement...
2017-02-27 14:28:52,568 - Stt - INFO - un  un  un  un 
2017-02-27 14:28:52,569 - Stt - INFO - En attente du bot...
2017-02-27 14:28:53,579 - Stt - INFO - Flux audio en cours de traitement...
2017-02-27 14:29:14,160 - Stt - INFO - un  un  un  un  un  un  un  un  un  deux  un  un  un  un  un  un  un  un  un  un 
2017-02-27 14:29:14,165 - Stt - INFO - En attente du bot...
2017-02-27 14:29:15,175 - Stt - INFO - Flux audio en cours de traitement...
2017-02-27 14:30:02,640 - Main - INFO - Initialisation du programme
2017-02-27 14:30:02,818 - Main - INFO - Chargement du dictionnaire réduit : [('bonjour', 1), ('deux', 1), ('lancer', 1), ('programme', 1), ('un', 1), ('mode', 1), ('rafale', 1), ('start', 1), ('stop', 1)]
2017-02-27 14:30:02,819 - Stt - INFO - En attente du bot...
2017-02-27 14:30:03,885 - Stt - INFO - Flux audio en cours de traitement...
2017-02-27 14:30:13,140 - Stt - INFO - deux  mode  un  start  un  un  un  un  un  un 
2017-02-27 14:30:13,142 - Stt - INFO - En attente du bot...
2017-02-27 14:30:14,151 - Stt - INFO - Flux audio en cours de traitement...
2017-02-27 14:30:23,423 - Stt - INFO - un 
2017-02-27 14:30:23,428 - Stt - INFO - En attente du bot...
2017-02-27 14:31:26,155 - Main - INFO - Initialisation du programme
2017-02-27 14:31:26,328 - Main - INFO - Chargement du dictionnaire réduit : [('bonjour', 1), ('deux', 1), ('lancer', 1), ('programme', 1), ('un', 1), ('mode', 1), ('rafale', 1), ('start', 1), ('stop', 1)]
2017-02-27 14:31:26,329 - Stt - INFO - En attente du bot...
2017-02-27 14:31:27,397 - Stt - INFO - Flux audio en cours de traitement...
2017-02-27 14:31:35,172 - Stt - INFO - deux  un  start  un 
2017-02-27 14:31:35,174 - Stt - INFO - En écoute...
2017-02-27 14:31:36,183 - Stt - INFO - Flux audio en cours de traitement...
2017-02-27 14:31:47,222 - Stt - INFO - un  deux  un  un  un  un  un  un 
2017-02-27 14:32:46,631 - Main - INFO - Initialisation du programme
2017-02-27 14:32:46,803 - Main - INFO - Chargement du dictionnaire réduit : [('bonjour', 1), ('deux', 1), ('lancer', 1), ('programme', 1), ('un', 1), ('mode', 1), ('rafale', 1), ('start', 1), ('stop', 1)]
2017-02-27 14:32:46,804 - Stt - INFO - En attente du bot...
2017-02-27 14:32:47,873 - Stt - INFO - Flux audio en cours de traitement...
2017-02-27 14:32:55,801 - Stt - INFO - un  un  un  un  un  un  un  start  un  deux  un  un  un 
2017-02-27 14:32:55,802 - Stt - INFO - En écoute...
2017-02-27 14:32:56,812 - Stt - INFO - Flux audio en cours de traitement...
2017-02-27 14:33:12,288 - Stt - INFO - un  un  un  un  un  un 
2017-02-27 14:33:12,293 - Stt - INFO - Texte interprété par Sphinx : un  un  un  un  un  un 
2017-02-27 14:33:12,294 - TraitementCommandeVocale - INFO - Traitement commande vocale en cours ...
2017-02-27 14:33:12,295 - Main - INFO - Commande interprété par le programme : Veuillez reformulez!
2017-02-27 14:33:13,992 - Stt - INFO - En attente du bot...
2017-02-27 14:33:15,002 - Stt - INFO - Flux audio en cours de traitement...
2017-02-27 14:33:27,698 - Stt - INFO - un  un  un  un  un  un  un  un  un  un  un  un  deux  un  un  un  un  un  un  un  un  un  un  un  un  un 
2017-02-27 14:33:27,703 - Stt - INFO - En attente du bot...
2017-02-27 14:33:28,714 - Stt - INFO - Flux audio en cours de traitement...
2017-02-27 14:50:03,326 - Main - INFO - Initialisation du programme
2017-02-27 14:50:03,498 - Main - INFO - Chargement du dictionnaire réduit : [('bonjour', 1), ('deux', 1), ('lancer', 1), ('programme', 1), ('un', 1), ('mode', 1), ('rafale', 1), ('start', 1), ('stop', 1)]
2017-02-27 14:51:13,694 - Main - INFO - Initialisation du programme
2017-02-27 14:51:13,865 - Main - INFO - Chargement du dictionnaire réduit : [('bonjour', 1), ('deux', 1), ('lancer', 1), ('programme', 1), ('un', 1), ('mode', 1), ('rafale', 1), ('start', 1), ('stop', 1)]
2017-02-27 14:51:13,866 - Stt - INFO - En attente du bot...
2017-02-27 14:51:14,932 - Stt - INFO - Flux audio en cours de traitement...
2017-02-27 14:51:25,102 - Stt - INFO - un  un  un  un  un  un  deux  un  start  un  deux 
2017-02-27 14:51:25,104 - Stt - INFO - En écoute...
2017-02-27 14:51:25,104 - TraitementCommandeVocale - INFO - Traitement commande vocale en cours ...
2017-02-27 14:52:39,784 - Main - INFO - Initialisation du programme
2017-02-27 14:52:39,955 - Main - INFO - Chargement du dictionnaire réduit : [('bonjour', 1), ('deux', 1), ('lancer', 1), ('programme', 1), ('un', 1), ('mode', 1), ('rafale', 1), ('start', 1), ('stop', 1)]
2017-02-27 14:52:39,956 - Stt - INFO - En attente du bot...
2017-02-27 14:52:41,026 - Stt - INFO - Flux audio en cours de traitement...
2017-02-27 14:52:47,062 - Stt - INFO - un  un  start 
2017-02-27 14:52:47,064 - Stt - INFO - En écoute...
2017-02-27 14:52:47,065 - TraitementCommandeVocale - INFO - Traitement commande vocale en cours ...
2017-02-27 14:54:57,800 - Main - INFO - Initialisation du programme
2017-02-27 14:54:57,972 - Main - INFO - Chargement du dictionnaire réduit : [('bonjour', 1), ('deux', 1), ('lancer', 1), ('programme', 1), ('un', 1), ('mode', 1), ('rafale', 1), ('start', 1), ('stop', 1)]
2017-02-27 14:54:57,973 - Stt - INFO - En attente du bot...
2017-02-27 14:54:59,096 - Stt - INFO - Flux audio en cours de traitement...
2017-02-27 14:55:07,553 - Stt - INFO - deux  start  un  un  un  un  un  un  un  un 
2017-02-27 14:55:07,555 - Stt - INFO - En écoute...
2017-02-27 14:55:07,555 - TraitementCommandeVocale - INFO - Traitement commande vocale en cours ...
2017-02-27 14:58:20,673 - Main - INFO - Initialisation du programme
2017-02-27 14:58:20,844 - Main - INFO - Chargement du dictionnaire réduit : [('bonjour', 1), ('deux', 1), ('lancer', 1), ('programme', 1), ('un', 1), ('mode', 1), ('rafale', 1), ('start', 1), ('stop', 1)]
2017-02-27 14:58:20,845 - Stt - INFO - En attente du bot...
2017-02-27 14:58:21,915 - Stt - INFO - Flux audio en cours de traitement...
2017-02-27 14:58:30,878 - Stt - INFO - un  un  un  un  un  un  un  un  un  un  un  un  un  start 
2017-02-27 14:58:30,880 - Stt - INFO - En écoute...
2017-02-27 14:58:30,880 - Stt - INFO - En attente du bot...
2017-02-27 14:58:31,890 - Stt - INFO - Flux audio en cours de traitement...
2017-02-27 14:58:38,804 - Stt - INFO - un 
2017-02-27 14:58:38,809 - Stt - INFO - En attente du bot...
2017-02-27 14:58:39,820 - Stt - INFO - Flux audio en cours de traitement...
2017-02-27 14:58:48,690 - Stt - INFO - un  un  deux  un  un 
2017-02-27 14:58:48,695 - Stt - INFO - En attente du bot...
2017-02-27 14:58:49,706 - Stt - INFO - Flux audio en cours de traitement...
2017-02-27 14:58:57,974 - Stt - INFO - un  un 
2017-02-27 14:58:57,979 - Stt - INFO - En attente du bot...
2017-02-27 14:58:58,989 - Stt - INFO - Flux audio en cours de traitement...
2017-02-27 14:59:05,411 - Stt - INFO - un  un  un  un  un  un  deux  un  un  un  un  un 
2017-02-27 14:59:05,416 - Stt - INFO - En attente du bot...
2017-02-27 14:59:06,426 - Stt - INFO - Flux audio en cours de traitement...
2017-02-27 15:02:37,195 - Main - INFO - Initialisation du programme
2017-02-27 15:02:37,366 - Main - INFO - Chargement du dictionnaire réduit : [('bonjour', 1), ('deux', 1), ('lancer', 1), ('programme', 1), ('un', 1), ('mode', 1), ('rafale', 1), ('start', 1), ('stop', 1)]
2017-02-27 15:02:37,367 - Stt - INFO - En attente du bot...
2017-02-27 15:02:38,434 - Stt - INFO - Flux audio en cours de traitement...
2017-02-27 15:02:45,263 - Stt - INFO - deux  un  un  un  un  un  un  un 
2017-02-27 15:02:45,265 - Stt - INFO - En attente du bot...
2017-02-27 15:02:46,275 - Stt - INFO - Flux audio en cours de traitement...
2017-02-27 15:02:58,968 - Stt - INFO - un  un  un  un  un  un  un  un  un  un  un  un  un  un  un  un  un  un  un  un  un  un  un  un  un  un  deux 
2017-02-27 15:02:58,973 - Stt - INFO - En attente du bot...
2017-02-27 15:02:59,982 - Stt - INFO - Flux audio en cours de traitement...
2017-02-27 15:03:18,103 - Stt - INFO - deux  un  start  un  un  un  un  un  un  un  un  un  un  un  un  un  un  un  deux  un  un  start  un  un  start  un  un  start  un  un  un  un  un  un  un  un  un  un  un 
2017-02-27 15:03:18,108 - Stt - INFO - En écoute...
2017-02-27 15:03:18,108 - Stt - INFO - En attente du bot...
2017-02-27 15:03:19,119 - Stt - INFO - Flux audio en cours de traitement...
2017-02-27 15:03:29,199 - Stt - INFO - un  deux  un  un  un  un  deux  un  un  un  un  un  un  un  un  un  un 
2017-02-27 15:03:29,204 - Stt - INFO - En attente du bot...
2017-02-27 15:03:30,214 - Stt - INFO - Flux audio en cours de traitement...
2017-02-27 15:03:39,247 - Stt - INFO - un 
2017-02-27 15:03:39,252 - Stt - INFO - En attente du bot...
2017-02-27 15:03:40,262 - Stt - INFO - Flux audio en cours de traitement...
2017-02-27 15:03:55,782 - Stt - INFO - un  un  un  un  un  un  un  un  start  un  un 
2017-02-27 15:03:55,787 - Stt - INFO - En écoute...
2017-02-27 15:03:55,788 - Stt - INFO - En attente du bot...
2017-02-27 15:03:56,797 - Stt - INFO - Flux audio en cours de traitement...
2017-02-27 15:04:06,495 - Stt - INFO - un  un  start  un  un  un 
2017-02-27 15:04:06,500 - Stt - INFO - En écoute...
2017-02-27 15:04:06,501 - Stt - INFO - En attente du bot...
2017-02-27 15:04:07,511 - Stt - INFO - Flux audio en cours de traitement...
2017-02-27 15:04:13,729 - Stt - INFO - un  un 
2017-02-27 15:04:13,734 - Stt - INFO - En attente du bot...
2017-02-27 15:04:14,744 - Stt - INFO - Flux audio en cours de traitement...
2017-02-27 15:04:19,879 - Stt - INFO - un  un  un  un  un  un 
2017-02-27 15:04:19,884 - Stt - INFO - En attente du bot...
2017-02-27 15:04:20,894 - Stt - INFO - Flux audio en cours de traitement...
